<?xml version="1.0" encoding="UTF-8"?>
<!-- Generated by org.testng.reporters.JUnitReportReporter -->
<testsuite hostname="LAPTOP-7E0QNNNR" failures="0" tests="2" name="GitHub.GitHubDemo.RestAssured" time="0.000" errors="0" timestamp="2021-06-25T13:38:37 PDT" skipped="0">
  <testcase classname="GitHub.GitHubDemo.RestAssured" name="AddPlaceApi" time="0.000"/>
  <system-out/>
  <testcase classname="GitHub.GitHubDemo.RestAssured" name="GetApi" time="0.000"/>
  <system-out/>
</testsuite> <!-- GitHub.GitHubDemo.RestAssured -->
