<?xml version="1.0" encoding="UTF-8"?>
<!-- Generated by org.testng.reporters.JUnitReportReporter -->
<testsuite hostname="LAPTOP-7E0QNNNR" failures="0" tests="1" name="GitHub.GitHubDemo.MobileAppium" time="0.001" errors="0" timestamp="2021-06-25T13:38:37 PDT" skipped="0">
  <testcase classname="GitHub.GitHubDemo.MobileAppium" name="MobileData" time="0.001"/>
  <system-out/>
</testsuite> <!-- GitHub.GitHubDemo.MobileAppium -->
