<?xml version="1.0" encoding="UTF-8"?>
<!-- Generated by org.testng.reporters.JUnitReportReporter -->
<testsuite hostname="LAPTOP-7E0QNNNR" failures="0" tests="2" name="GitHub.GitHubDemo.SeliniumTest" time="0.002" errors="0" timestamp="2021-06-25T13:56:27 PDT" skipped="0">
  <testcase classname="GitHub.GitHubDemo.SeliniumTest" name="PrintData" time="0.002"/>
  <system-out/>
  <testcase classname="GitHub.GitHubDemo.SeliniumTest" name="getData" time="0.000"/>
  <system-out/>
</testsuite> <!-- GitHub.GitHubDemo.SeliniumTest -->
